-------------------------------------------------------------------------------
Test set: tests.ChangeAppConditionsTests
-------------------------------------------------------------------------------
Tests run: 2, Failures: 0, Errors: 1, Skipped: 0, Time elapsed: 29.011 s <<< FAILURE! - in tests.ChangeAppConditionsTests
testCheckSearchArticleInBackground(tests.ChangeAppConditionsTests)  Time elapsed: 21.504 s  <<< ERROR!
org.openqa.selenium.TimeoutException: 
Expected condition failed: Cannot find click search result with substring Object-oriented programming language
 (tried for 15 second(s) with 500 milliseconds interval)
	at tests.ChangeAppConditionsTests.testCheckSearchArticleInBackground_aroundBody2(ChangeAppConditionsTests.java:74)
	at tests.ChangeAppConditionsTests.testCheckSearchArticleInBackground(ChangeAppConditionsTests.java:66)
Caused by: org.openqa.selenium.NoSuchElementException: 
Cannot locate an element using By.xpath: //div[contains(@class,'wikidata-description')][contains(text(),'Object-oriented programming language')]
For documentation on this error, please visit: http://seleniumhq.org/exceptions/no_such_element.html
Build info: version: '3.12.0', revision: '7c6e0b3', time: '2018-05-08T14:04:26.12Z'
System info: host: 'MacBook-Air-Mihail.local', ip: 'fe80:0:0:0:1032:60f8:4a43:bf4e%en0', os.name: 'Mac OS X', os.arch: 'x86_64', os.version: '10.16', java.version: '1.8.0_281'
Driver info: driver.version: unknown
	at tests.ChangeAppConditionsTests.testCheckSearchArticleInBackground_aroundBody2(ChangeAppConditionsTests.java:74)
	at tests.ChangeAppConditionsTests.testCheckSearchArticleInBackground(ChangeAppConditionsTests.java:66)

